{
  "RSpec": {
    "coverage": {
      "/usr/src/app/app/helpers/application_helper.rb": {
        "lines": [
          1,
          null
        ]
      },
      "/usr/src/app/app/helpers/beer_clubs_helper.rb": {
        "lines": [
          1,
          null
        ]
      },
      "/usr/src/app/app/helpers/beers_helper.rb": {
        "lines": [
          1,
          null
        ]
      },
      "/usr/src/app/app/helpers/breweries_helper.rb": {
        "lines": [
          1,
          null
        ]
      },
      "/usr/src/app/app/helpers/memberships_helper.rb": {
        "lines": [
          1,
          null
        ]
      },
      "/usr/src/app/app/helpers/users_helper.rb": {
        "lines": [
          1,
          null
        ]
      },
      "/usr/src/app/app/models/beer.rb": {
        "lines": [
          1,
          1,
          null,
          1,
          1,
          1,
          null,
          1,
          1,
          null,
          1,
          2,
          null,
          null,
          1,
          0,
          null,
          0,
          null,
          null
        ]
      },
      "/usr/src/app/app/models/application_record.rb": {
        "lines": [
          1,
          1,
          null
        ]
      },
      "/usr/src/app/app/models/concerns/rating_average.rb": {
        "lines": [
          1,
          1,
          null,
          1,
          6,
          null,
          null
        ]
      },
      "/usr/src/app/app/models/user.rb": {
        "lines": [
          1,
          1,
          null,
          1,
          null,
          1,
          1,
          null,
          1,
          1,
          null,
          1,
          null,
          null,
          1,
          null,
          null,
          1,
          3,
          null,
          2,
          null,
          null,
          1,
          18,
          null,
          21,
          null,
          null,
          1,
          18,
          null,
          25,
          null,
          null
        ]
      },
      "/usr/src/app/app/models/brewery.rb": {
        "lines": [
          1,
          1,
          null,
          1,
          1,
          null,
          1,
          null,
          1,
          1,
          null,
          1,
          39,
          null,
          null
        ]
      },
      "/usr/src/app/app/controllers/beers_controller.rb": {
        "lines": [
          1,
          1,
          null,
          null,
          1,
          1,
          null,
          null,
          null,
          1,
          null,
          null,
          null,
          1,
          2,
          2,
          null,
          null,
          null,
          1,
          0,
          null,
          null,
          null,
          1,
          2,
          null,
          2,
          2,
          2,
          1,
          null,
          1,
          2,
          1,
          null,
          null,
          null,
          null,
          null,
          1,
          0,
          0,
          0,
          0,
          null,
          0,
          0,
          null,
          null,
          null,
          null,
          null,
          1,
          0,
          null,
          0,
          0,
          0,
          null,
          null,
          null,
          1,
          null,
          null,
          1,
          0,
          null,
          null,
          null,
          1,
          2,
          null,
          null,
          null,
          1,
          3,
          3,
          null
        ]
      },
      "/usr/src/app/app/controllers/application_controller.rb": {
        "lines": [
          1,
          1,
          null,
          1,
          78,
          null,
          59,
          null,
          null
        ]
      },
      "/usr/src/app/app/models/rating.rb": {
        "lines": [
          1,
          1,
          1,
          null,
          1,
          null,
          null,
          null
        ]
      },
      "/usr/src/app/app/controllers/breweries_controller.rb": {
        "lines": [
          1,
          1,
          1,
          null,
          null,
          1,
          3,
          null,
          null,
          null,
          1,
          null,
          null,
          null,
          1,
          0,
          null,
          null,
          null,
          1,
          null,
          null,
          null,
          1,
          0,
          null,
          0,
          0,
          0,
          0,
          null,
          0,
          0,
          null,
          null,
          null,
          null,
          null,
          1,
          0,
          0,
          0,
          0,
          null,
          0,
          0,
          null,
          null,
          null,
          null,
          null,
          1,
          0,
          null,
          0,
          0,
          0,
          null,
          null,
          null,
          1,
          null,
          null,
          1,
          1,
          null,
          null,
          null,
          1,
          0,
          null,
          null,
          1,
          0,
          null,
          0,
          0,
          null,
          0,
          null,
          null,
          null
        ]
      },
      "/usr/src/app/app/controllers/sessions_controller.rb": {
        "lines": [
          1,
          1,
          null,
          null,
          null,
          1,
          7,
          null,
          7,
          6,
          6,
          null,
          1,
          null,
          null,
          null,
          1,
          null,
          0,
          null,
          0,
          null,
          null
        ]
      },
      "/usr/src/app/app/controllers/users_controller.rb": {
        "lines": [
          1,
          1,
          null,
          null,
          1,
          0,
          null,
          null,
          null,
          1,
          null,
          null,
          null,
          1,
          1,
          null,
          null,
          null,
          1,
          null,
          null,
          null,
          1,
          1,
          null,
          1,
          1,
          2,
          1,
          null,
          0,
          0,
          null,
          null,
          null,
          null,
          null,
          1,
          0,
          0,
          0,
          0,
          null,
          0,
          0,
          null,
          null,
          null,
          null,
          null,
          1,
          0,
          0,
          null,
          0,
          0,
          0,
          null,
          null,
          null,
          1,
          null,
          null,
          1,
          11,
          null,
          null,
          null,
          1,
          1,
          null,
          null
        ]
      },
      "/usr/src/app/app/models/membership.rb": {
        "lines": [
          1,
          1,
          1,
          null
        ]
      },
      "/usr/src/app/app/models/beer_club.rb": {
        "lines": [
          1,
          1,
          1,
          null
        ]
      },
      "/usr/src/app/app/controllers/ratings_controller.rb": {
        "lines": [
          1,
          1,
          2,
          null,
          null,
          1,
          1,
          1,
          null,
          null,
          1,
          1,
          1,
          null,
          1,
          1,
          null,
          0,
          0,
          null,
          null,
          null,
          1,
          1,
          1,
          1,
          null,
          null
        ]
      },
      "/usr/src/app/app/channels/application_cable/channel.rb": {
        "lines": [
          0,
          0,
          0,
          0
        ],
        "branches": {
        }
      },
      "/usr/src/app/app/channels/application_cable/connection.rb": {
        "lines": [
          0,
          0,
          0,
          0
        ],
        "branches": {
        }
      },
      "/usr/src/app/app/controllers/beer_clubs_controller.rb": {
        "lines": [
          0,
          0,
          null,
          null,
          0,
          0,
          0,
          null,
          null,
          0,
          0,
          null,
          null,
          0,
          0,
          0,
          null,
          null,
          0,
          0,
          null,
          null,
          0,
          0,
          null,
          0,
          0,
          0,
          0,
          0,
          0,
          0,
          0,
          0,
          0,
          null,
          null,
          0,
          0,
          0,
          0,
          0,
          0,
          0,
          0,
          0,
          0,
          0,
          null,
          null,
          0,
          0,
          null,
          0,
          0,
          0,
          0,
          0,
          null,
          0,
          null,
          null,
          0,
          0,
          0,
          null,
          null,
          0,
          0,
          0,
          0
        ],
        "branches": {
        }
      },
      "/usr/src/app/app/controllers/memberships_controller.rb": {
        "lines": [
          0,
          0,
          0,
          null,
          null,
          0,
          0,
          0,
          null,
          null,
          0,
          0,
          null,
          null,
          0,
          0,
          0,
          null,
          null,
          0,
          0,
          null,
          null,
          0,
          0,
          0,
          null,
          0,
          0,
          0,
          0,
          0,
          0,
          0,
          0,
          0,
          0,
          null,
          null,
          0,
          0,
          0,
          0,
          0,
          0,
          0,
          0,
          0,
          0,
          0,
          null,
          null,
          0,
          0,
          null,
          0,
          0,
          0,
          0,
          0,
          null,
          0,
          null,
          null,
          0,
          0,
          0,
          null,
          0,
          0,
          0,
          0,
          null,
          null,
          0,
          0,
          0,
          0
        ],
        "branches": {
        }
      },
      "/usr/src/app/app/jobs/application_job.rb": {
        "lines": [
          0,
          null,
          null,
          null,
          null,
          null,
          0
        ],
        "branches": {
        }
      },
      "/usr/src/app/app/mailers/application_mailer.rb": {
        "lines": [
          0,
          0,
          0,
          0
        ],
        "branches": {
        }
      }
    },
    "timestamp": 1662813634
  }
}
